TN:
SF:script/DeployScript.s.sol
FN:17,DeployScript.run
FNDA:0,DeployScript.run
DA:18,0
DA:21,0
DA:22,0
DA:24,0
DA:28,0
DA:29,0
DA:31,0
DA:33,0
FNF:1
FNH:0
LF:8
LH:0
BRF:0
BRH:0
end_of_record
TN:
SF:src/BJT.sol
FN:9,BlackJackToken.
FNDA:0,BlackJackToken.
FNF:1
FNH:0
LF:0
LH:0
BRF:0
BRH:0
end_of_record
TN:
SF:src/Blackjack.sol
FN:48,BlackJack.
FNDA:19,BlackJack.
DA:51,19
DA:52,19
DA:53,19
DA:54,19
DA:55,19
FN:81,BlackJack.play
FNDA:12,BlackJack.play
DA:82,12
BRDA:82,0,0,12
BRDA:82,0,1,-
DA:83,12
BRDA:83,1,0,-
BRDA:83,1,1,-
DA:89,12
DA:92,10
DA:94,10
DA:95,10
DA:99,10
DA:101,0
FN:106,BlackJack.fulfillRandomWords
FNDA:26,BlackJack.fulfillRandomWords
DA:107,26
BRDA:107,2,0,4
BRDA:107,2,1,12
DA:108,4
DA:109,22
BRDA:109,3,0,10
BRDA:109,3,1,12
DA:110,10
DA:111,12
BRDA:111,4,0,12
DA:112,12
FN:116,BlackJack._requestRandomWords
FNDA:26,BlackJack._requestRandomWords
DA:118,26
DA:121,26
FN:126,BlackJack.drawCard
FNDA:13,BlackJack.drawCard
DA:127,13
BRDA:127,5,0,-
BRDA:127,5,1,-
DA:129,12
DA:131,12
FN:134,BlackJack.stand
FNDA:4,BlackJack.stand
DA:135,4
BRDA:135,6,0,-
BRDA:135,6,1,-
DA:137,4
DA:139,4
FN:142,BlackJack._playerBusted
FNDA:1,BlackJack._playerBusted
DA:144,1
DA:145,1
DA:147,1
FN:150,BlackJack._removeCard
FNDA:50,BlackJack._removeCard
DA:151,50
DA:152,50
DA:153,1434
BRDA:153,7,0,50
DA:154,50
DA:158,50
BRDA:158,8,0,-
BRDA:158,8,1,-
DA:161,50
DA:162,50
DA:165,50
FN:171,BlackJack._play
FNDA:10,BlackJack._play
DA:172,10
DA:173,10
DA:174,10
DA:177,10
DA:178,10
DA:179,10
DA:182,10
DA:183,10
DA:184,10
DA:187,10
BRDA:187,9,0,-
DA:188,0
DA:190,10
BRDA:190,10,0,-
DA:191,0
DA:195,10
DA:196,10
DA:199,10
BRDA:199,11,0,-
DA:200,0
DA:203,10
DA:205,10
BRDA:205,12,0,-
DA:206,0
DA:208,0
FN:212,BlackJack._drawCard
FNDA:12,BlackJack._drawCard
DA:213,12
DA:215,12
DA:217,12
DA:219,12
BRDA:219,13,0,-
DA:220,0
DA:222,12
BRDA:222,14,0,8
DA:223,8
BRDA:223,15,0,8
BRDA:223,15,1,-
DA:224,8
DA:225,0
BRDA:225,16,0,-
DA:226,0
DA:230,12
DA:232,12
BRDA:232,17,0,1
DA:233,1
FN:242,BlackJack._finishGame
FNDA:5,BlackJack._finishGame
DA:245,5
BRDA:245,18,0,4
DA:246,4
DA:247,4
DA:250,4
DA:252,4
BRDA:252,19,0,-
DA:253,0
DA:255,4
BRDA:255,20,0,-
DA:256,0
BRDA:256,21,0,-
BRDA:256,21,1,-
DA:257,0
DA:258,0
BRDA:258,22,0,-
DA:259,0
DA:264,4
DA:265,4
DA:266,0
DA:268,5
BRDA:268,24,0,3
DA:269,3
DA:271,3
DA:273,3
DA:274,3
BRDA:274,25,0,-
DA:275,0
DA:277,3
BRDA:277,26,0,-
DA:278,0
BRDA:278,27,0,-
BRDA:278,27,1,-
DA:279,0
DA:280,0
BRDA:280,28,0,-
DA:281,0
DA:285,3
DA:286,3
DA:288,5
BRDA:288,29,0,1
DA:289,1
DA:291,1
DA:293,1
DA:295,1
BRDA:295,30,0,-
DA:296,0
DA:298,1
BRDA:298,31,0,-
DA:299,0
BRDA:299,32,0,-
BRDA:299,32,1,-
DA:300,0
DA:301,0
BRDA:301,33,0,-
DA:302,0
DA:307,1
DA:308,1
DA:310,5
BRDA:310,34,0,-
DA:311,0
DA:313,0
DA:315,0
DA:317,0
BRDA:317,35,0,-
DA:318,0
DA:320,0
BRDA:320,36,0,-
DA:321,0
BRDA:321,37,0,-
BRDA:321,37,1,-
DA:322,0
DA:323,0
BRDA:323,38,0,-
DA:324,0
DA:328,0
DA:329,0
DA:331,5
BRDA:331,39,0,-
DA:332,0
DA:334,0
DA:336,0
DA:338,0
BRDA:338,40,0,-
DA:339,0
DA:341,0
BRDA:341,41,0,-
DA:342,0
BRDA:342,42,0,-
BRDA:342,42,1,-
DA:343,0
DA:344,0
BRDA:344,43,0,-
DA:345,0
DA:349,0
DA:350,0
DA:352,0
DA:359,5
BRDA:359,44,0,1
DA:360,1
DA:361,1
DA:364,5
BRDA:364,45,0,1
DA:365,1
DA:368,5
BRDA:368,46,0,1
BRDA:368,46,1,1
DA:369,1
DA:370,4
BRDA:370,47,0,-
BRDA:370,47,1,1
DA:371,0
DA:372,0
DA:373,4
BRDA:373,48,0,1
BRDA:373,48,1,1
DA:374,1
DA:376,1
DA:379,3
BRDA:379,49,0,1
BRDA:379,49,1,1
DA:380,1
DA:381,1
DA:384,2
BRDA:384,50,0,1
DA:385,1
DA:389,5
DA:390,5
DA:391,5
DA:392,5
DA:393,5
DA:394,5
FN:397,BlackJack._shuffleDeck
FNDA:20,BlackJack._shuffleDeck
DA:399,20
DA:400,20
DA:402,20
DA:403,1040
FN:409,BlackJack.setSubscriptionId
FNDA:1,BlackJack.setSubscriptionId
DA:410,1
FN:413,BlackJack.getDeck
FNDA:1,BlackJack.getDeck
DA:414,1
FN:417,BlackJack.getPlayerCards
FNDA:18,BlackJack.getPlayerCards
DA:418,18
FN:421,BlackJack.getHouseCards
FNDA:19,BlackJack.getHouseCards
DA:422,19
FN:425,BlackJack.getGameState
FNDA:1,BlackJack.getGameState
DA:426,1
FN:429,BlackJack.getGameStand
FNDA:1,BlackJack.getGameStand
DA:430,1
FN:433,BlackJack.getSubId
FNDA:1,BlackJack.getSubId
DA:434,1
FN:437,BlackJack.getPlayer
FNDA:1,BlackJack.getPlayer
DA:438,1
FN:444,BlackJack.addCardPlayer
FNDA:3,BlackJack.addCardPlayer
DA:445,3
FN:448,BlackJack.addCardDealer
FNDA:4,BlackJack.addCardDealer
DA:449,4
FN:452,BlackJack.setGameStand
FNDA:1,BlackJack.setGameStand
DA:453,1
FN:456,BlackJack.addPlayer
FNDA:2,BlackJack.addPlayer
DA:457,2
FNF:24
FNH:24
LF:179
LH:127
BRF:67
BRH:23
end_of_record
